<?xml version="1.0" encoding="UTF-8"?>
<testsuites>
    <testsuite name="force.apex" timestamp="2020-12-17T11:32:26-03:00" hostname="https://mindful-fox-nzaknp-dev-ed.my.salesforce.com" tests="1" failures="1"  errors="0"  time="0.06">
        <properties>
            <property name="outcome" value="Failed"/>
            <property name="testsRan" value="1"/>
            <property name="passing" value="0"/>
            <property name="failing" value="1"/>
            <property name="skipped" value="0"/>
            <property name="passRate" value="0%"/>
            <property name="failRate" value="100%"/>
            <property name="testStartTime" value="Dec 17, 2020 11:32 AM"/>
            <property name="testExecutionTime" value="0.06 s"/>
            <property name="testTotalTime" value="0.06 s"/>
            <property name="commandTime" value="8.37 s"/>
            <property name="hostname" value="https://mindful-fox-nzaknp-dev-ed.my.salesforce.com"/>
            <property name="orgId" value="00D4x00000312ujEAA"/>
            <property name="username" value="henrique_nitatori@mindful-fox-nzaknp.com"/>
            <property name="testRunId" value="7074x000004qdih"/>
            <property name="userId" value="0054x0000027d4KAAQ"/>
        </properties>
        <testcase name="accountDuplicateTest" classname="AccountRepositoryTest" time="0.06">
            <failure message="System.AssertException: Assertion Failed: Expected: 1, Actual: 2"><![CDATA[Class.AccountRepositoryTest.accountDuplicateTest: line 31, column 1]]></failure>
        </testcase>
    </testsuite>
</testsuites>
